1.6944 	WARNING 	We strongly recommend you activate the PTB sound engine in PsychoPy prefs as the preferred audio engine. Its timing is vastly superior. Your prefs are currently set to use ['sounddevice', 'PTB', 'pyo', 'pygame'] (in that order).
4.2619 	WARNING 	psychopy.parallel has been imported but no parallel port driver found. Install either inpout32, inpoutx64 or dlportio
11.6683 	WARNING 	User requested fullscreen with size [1280  720], but screen is actually [1920, 1080]. Using actual size
15.6979 	EXP 	Created window1 = Window(allowGUI=False, allowStencil=False, autoLog=True, backendConf=UNKNOWN, bitsMode=UNKNOWN, blendMode='avg', bpc=(8, 8, 8), color=array([0, 0, 0]), colorSpace='rgb', depthBits=8, fullscr=<method-wrapper '__getattribute__' of attributeSetter object at 0x00000265613D72B0>, gamma=None, gammaErrorPolicy='raise', lms=UNKNOWN, monitor=<psychopy.monitors.calibTools.Monitor object at 0x0000026561428E80>, multiSample=False, name='window1', numSamples=2, pos=[0.0, 0.0], screen=0, size=array([1920, 1080]), stencilBits=0, stereo=False, units='height', useFBO=True, useRetina=False, viewOri=0.0, viewPos=None, viewScale=None, waitBlanking=True, winType='pyglet')
15.6991 	EXP 	window1: mouseVisible = True
15.6992 	EXP 	window1: recordFrameIntervals = False
15.8555 	EXP 	window1: recordFrameIntervals = True
16.0398 	EXP 	window1: recordFrameIntervals = False
18.2873 	WARNING 	Got keycode {} but that code isn't yet known
18.2874 	WARNING 	Keypress was given unknown key code (176)
18.3593 	WARNING 	Got keycode {} but that code isn't yet known
18.3594 	WARNING 	Keypress was given unknown key code (176)
18.5072 	WARNING 	Got keycode {} but that code isn't yet known
18.5073 	WARNING 	Keypress was given unknown key code (176)
18.6594 	WARNING 	Got keycode {} but that code isn't yet known
18.6595 	WARNING 	Keypress was given unknown key code (176)
18.7909 	WARNING 	Got keycode {} but that code isn't yet known
18.7909 	WARNING 	Keypress was given unknown key code (176)
18.9418 	WARNING 	Got keycode {} but that code isn't yet known
18.9419 	WARNING 	Keypress was given unknown key code (176)
19.0963 	WARNING 	Got keycode {} but that code isn't yet known
19.0964 	WARNING 	Keypress was given unknown key code (176)
19.2424 	WARNING 	Got keycode {} but that code isn't yet known
19.2428 	WARNING 	Keypress was given unknown key code (176)
19.3622 	WARNING 	Got keycode {} but that code isn't yet known
19.3624 	WARNING 	Keypress was given unknown key code (176)
30.4599 	DATA 	Keypress: escape
30.7093 	EXP 	window1: mouseVisible = True
