3.2872 	WARNING 	We strongly recommend you activate the PTB sound engine in PsychoPy prefs as the preferred audio engine. Its timing is vastly superior. Your prefs are currently set to use ['sounddevice', 'PTB', 'pyo', 'pygame'] (in that order).
32.0014 	WARNING 	User requested fullscreen with size [1280  720], but screen is actually [1920, 1080]. Using actual size
34.4722 	EXP 	Created window1 = Window(allowGUI=False, allowStencil=False, autoLog=True, backendConf=UNKNOWN, bitsMode=UNKNOWN, blendMode='avg', bpc=(8, 8, 8), color=array([0, 0, 0]), colorSpace='rgb', depthBits=8, fullscr=<method-wrapper '__getattribute__' of attributeSetter object at 0x000001DA9BA66160>, gamma=None, gammaErrorPolicy='raise', lms=UNKNOWN, monitor=<psychopy.monitors.calibTools.Monitor object at 0x000001DA9BAB45C0>, multiSample=False, name='window1', numSamples=2, pos=[0.0, 0.0], screen=0, size=array([1920, 1080]), stencilBits=0, stereo=False, units='height', useFBO=True, useRetina=False, viewOri=0.0, viewPos=None, viewScale=None, waitBlanking=True, winType='pyglet')
34.4730 	EXP 	window1: mouseVisible = True
34.4731 	EXP 	window1: recordFrameIntervals = False
34.6372 	EXP 	window1: recordFrameIntervals = True
34.8216 	EXP 	window1: recordFrameIntervals = False
47.9414 	WARNING 	Got keycode {} but that code isn't yet known
47.9415 	WARNING 	Keypress was given unknown key code (174)
48.1190 	WARNING 	Got keycode {} but that code isn't yet known
48.1191 	WARNING 	Keypress was given unknown key code (174)
48.2934 	WARNING 	Got keycode {} but that code isn't yet known
48.2936 	WARNING 	Keypress was given unknown key code (174)
48.4561 	WARNING 	Got keycode {} but that code isn't yet known
48.4561 	WARNING 	Keypress was given unknown key code (174)
48.6047 	WARNING 	Got keycode {} but that code isn't yet known
48.6052 	WARNING 	Keypress was given unknown key code (174)
48.7559 	WARNING 	Got keycode {} but that code isn't yet known
48.7560 	WARNING 	Keypress was given unknown key code (174)
48.9083 	WARNING 	Got keycode {} but that code isn't yet known
48.9084 	WARNING 	Keypress was given unknown key code (174)
49.0755 	WARNING 	Got keycode {} but that code isn't yet known
49.0756 	WARNING 	Keypress was given unknown key code (174)
49.2542 	WARNING 	Got keycode {} but that code isn't yet known
49.2543 	WARNING 	Keypress was given unknown key code (174)
49.4031 	WARNING 	Got keycode {} but that code isn't yet known
49.4031 	WARNING 	Keypress was given unknown key code (174)
49.5867 	WARNING 	Got keycode {} but that code isn't yet known
49.5867 	WARNING 	Keypress was given unknown key code (174)
49.7869 	WARNING 	Got keycode {} but that code isn't yet known
49.7870 	WARNING 	Keypress was given unknown key code (174)
50.7916 	WARNING 	Got keycode {} but that code isn't yet known
50.7917 	WARNING 	Keypress was given unknown key code (176)
50.9697 	WARNING 	Got keycode {} but that code isn't yet known
50.9697 	WARNING 	Keypress was given unknown key code (176)
51.1523 	WARNING 	Got keycode {} but that code isn't yet known
51.1524 	WARNING 	Keypress was given unknown key code (176)
51.3544 	WARNING 	Got keycode {} but that code isn't yet known
51.3544 	WARNING 	Keypress was given unknown key code (176)
56.2700 	WARNING 	Got keycode {} but that code isn't yet known
56.2700 	WARNING 	Keypress was given unknown key code (174)
56.6042 	WARNING 	Got keycode {} but that code isn't yet known
56.6043 	WARNING 	Keypress was given unknown key code (176)
56.7661 	WARNING 	Got keycode {} but that code isn't yet known
56.7662 	WARNING 	Keypress was given unknown key code (176)
56.9540 	WARNING 	Got keycode {} but that code isn't yet known
56.9541 	WARNING 	Keypress was given unknown key code (176)
57.1367 	WARNING 	Got keycode {} but that code isn't yet known
57.1368 	WARNING 	Keypress was given unknown key code (176)
57.4184 	WARNING 	Got keycode {} but that code isn't yet known
57.4185 	WARNING 	Keypress was given unknown key code (176)
57.7566 	WARNING 	Got keycode {} but that code isn't yet known
57.7567 	WARNING 	Keypress was given unknown key code (176)
58.3346 	WARNING 	Got keycode {} but that code isn't yet known
58.3347 	WARNING 	Keypress was given unknown key code (176)
58.5843 	WARNING 	Got keycode {} but that code isn't yet known
58.5843 	WARNING 	Keypress was given unknown key code (176)
59.0187 	WARNING 	Got keycode {} but that code isn't yet known
59.0187 	WARNING 	Keypress was given unknown key code (176)
59.7671 	WARNING 	Got keycode {} but that code isn't yet known
59.7672 	WARNING 	Keypress was given unknown key code (176)
60.6148 	WARNING 	Got keycode {} but that code isn't yet known
60.6149 	WARNING 	Keypress was given unknown key code (176)
77.9330 	DATA 	Keypress: escape
78.2211 	EXP 	window1: mouseVisible = True
