1.0333 	WARNING 	We strongly recommend you activate the PTB sound engine in PsychoPy prefs as the preferred audio engine. Its timing is vastly superior. Your prefs are currently set to use ['sounddevice', 'PTB', 'pyo', 'pygame'] (in that order).
5.5174 	WARNING 	User requested fullscreen with size [1280  720], but screen is actually [1920, 1080]. Using actual size
7.0522 	EXP 	Created window1 = Window(allowGUI=False, allowStencil=False, autoLog=True, backendConf=UNKNOWN, bitsMode=UNKNOWN, blendMode='avg', bpc=(8, 8, 8), color=array([0, 0, 0]), colorSpace='rgb', depthBits=8, fullscr=<method-wrapper '__getattribute__' of attributeSetter object at 0x00000255B0146128>, gamma=None, gammaErrorPolicy='raise', lms=UNKNOWN, monitor=<psychopy.monitors.calibTools.Monitor object at 0x00000255B0199588>, multiSample=False, name='window1', numSamples=2, pos=[0.0, 0.0], screen=0, size=array([1920, 1080]), stencilBits=0, stereo=False, units='height', useFBO=True, useRetina=False, viewOri=0.0, viewPos=None, viewScale=None, waitBlanking=True, winType='pyglet')
7.0526 	EXP 	window1: mouseVisible = True
7.0527 	EXP 	window1: recordFrameIntervals = False
7.2164 	EXP 	window1: recordFrameIntervals = True
7.4000 	EXP 	window1: recordFrameIntervals = False
8.9738 	WARNING 	Got keycode {} but that code isn't yet known
8.9739 	WARNING 	Keypress was given unknown key code (176)
9.2846 	WARNING 	Got keycode {} but that code isn't yet known
9.2846 	WARNING 	Keypress was given unknown key code (176)
9.4364 	WARNING 	Got keycode {} but that code isn't yet known
9.4364 	WARNING 	Keypress was given unknown key code (176)
9.5681 	WARNING 	Got keycode {} but that code isn't yet known
9.5681 	WARNING 	Keypress was given unknown key code (176)
9.6857 	WARNING 	Got keycode {} but that code isn't yet known
9.6858 	WARNING 	Keypress was given unknown key code (176)
10.1012 	WARNING 	Got keycode {} but that code isn't yet known
10.1013 	WARNING 	Keypress was given unknown key code (176)
10.3018 	WARNING 	Got keycode {} but that code isn't yet known
10.3018 	WARNING 	Keypress was given unknown key code (176)
23.6312 	DATA 	Keypress: escape
23.9152 	EXP 	window1: mouseVisible = True
