1.5302 	WARNING 	We strongly recommend you activate the PTB sound engine in PsychoPy prefs as the preferred audio engine. Its timing is vastly superior. Your prefs are currently set to use ['sounddevice', 'PTB', 'pyo', 'pygame'] (in that order).
6.6274 	WARNING 	User requested fullscreen with size [1280  720], but screen is actually [1920, 1080]. Using actual size
8.1964 	EXP 	Created window1 = Window(allowGUI=False, allowStencil=False, autoLog=True, backendConf=UNKNOWN, bitsMode=UNKNOWN, blendMode='avg', bpc=(8, 8, 8), color=array([0, 0, 0]), colorSpace='rgb', depthBits=8, fullscr=<method-wrapper '__getattribute__' of attributeSetter object at 0x00000185D9B9B0B8>, gamma=None, gammaErrorPolicy='raise', lms=UNKNOWN, monitor=<psychopy.monitors.calibTools.Monitor object at 0x00000185D9BE8518>, multiSample=False, name='window1', numSamples=2, pos=[0.0, 0.0], screen=0, size=array([1920, 1080]), stencilBits=0, stereo=False, units='height', useFBO=True, useRetina=False, viewOri=0.0, viewPos=None, viewScale=None, waitBlanking=True, winType='pyglet')
8.1966 	EXP 	window1: mouseVisible = True
8.1967 	EXP 	window1: recordFrameIntervals = False
8.3626 	EXP 	window1: recordFrameIntervals = True
8.5504 	EXP 	window1: recordFrameIntervals = False
13.5973 	WARNING 	Got keycode {} but that code isn't yet known
13.5973 	WARNING 	Keypress was given unknown key code (174)
13.8121 	WARNING 	Got keycode {} but that code isn't yet known
13.8122 	WARNING 	Keypress was given unknown key code (174)
14.1140 	WARNING 	Got keycode {} but that code isn't yet known
14.1140 	WARNING 	Keypress was given unknown key code (174)
16.8985 	WARNING 	Got keycode {} but that code isn't yet known
16.8988 	WARNING 	Keypress was given unknown key code (174)
18.5618 	WARNING 	Got keycode {} but that code isn't yet known
18.5619 	WARNING 	Keypress was given unknown key code (174)
18.7478 	WARNING 	Got keycode {} but that code isn't yet known
18.7478 	WARNING 	Keypress was given unknown key code (174)
18.9454 	WARNING 	Got keycode {} but that code isn't yet known
18.9454 	WARNING 	Keypress was given unknown key code (174)
19.1477 	WARNING 	Got keycode {} but that code isn't yet known
19.1478 	WARNING 	Keypress was given unknown key code (174)
20.8287 	WARNING 	Got keycode {} but that code isn't yet known
20.8287 	WARNING 	Keypress was given unknown key code (174)
24.1809 	WARNING 	Got keycode {} but that code isn't yet known
24.1810 	WARNING 	Keypress was given unknown key code (176)
24.3764 	WARNING 	Got keycode {} but that code isn't yet known
24.3764 	WARNING 	Keypress was given unknown key code (176)
24.5590 	WARNING 	Got keycode {} but that code isn't yet known
24.5590 	WARNING 	Keypress was given unknown key code (176)
24.9268 	WARNING 	Got keycode {} but that code isn't yet known
24.9268 	WARNING 	Keypress was given unknown key code (176)
30.3649 	WARNING 	Got keycode {} but that code isn't yet known
30.3650 	WARNING 	Keypress was given unknown key code (174)
30.7587 	WARNING 	Got keycode {} but that code isn't yet known
30.7588 	WARNING 	Keypress was given unknown key code (174)
30.9920 	WARNING 	Got keycode {} but that code isn't yet known
30.9920 	WARNING 	Keypress was given unknown key code (174)
31.7608 	WARNING 	Got keycode {} but that code isn't yet known
31.7609 	WARNING 	Keypress was given unknown key code (174)
31.9735 	WARNING 	Got keycode {} but that code isn't yet known
31.9736 	WARNING 	Keypress was given unknown key code (174)
32.3431 	WARNING 	Got keycode {} but that code isn't yet known
32.3432 	WARNING 	Keypress was given unknown key code (174)
33.2414 	DATA 	Keypress: escape
33.5022 	EXP 	window1: mouseVisible = True
