1.0317 	WARNING 	We strongly recommend you activate the PTB sound engine in PsychoPy prefs as the preferred audio engine. Its timing is vastly superior. Your prefs are currently set to use ['sounddevice', 'PTB', 'pyo', 'pygame'] (in that order).
5.6332 	WARNING 	User requested fullscreen with size [1280  720], but screen is actually [1920, 1080]. Using actual size
7.1896 	EXP 	Created window1 = Window(allowGUI=False, allowStencil=False, autoLog=True, backendConf=UNKNOWN, bitsMode=UNKNOWN, blendMode='avg', bpc=(8, 8, 8), color=array([0, 0, 0]), colorSpace='rgb', depthBits=8, fullscr=<method-wrapper '__getattribute__' of attributeSetter object at 0x000002C54E2EB0B8>, gamma=None, gammaErrorPolicy='raise', lms=UNKNOWN, monitor=<psychopy.monitors.calibTools.Monitor object at 0x000002C54E338518>, multiSample=False, name='window1', numSamples=2, pos=[0.0, 0.0], screen=0, size=array([1920, 1080]), stencilBits=0, stereo=False, units='height', useFBO=True, useRetina=False, viewOri=0.0, viewPos=None, viewScale=None, waitBlanking=True, winType='pyglet')
7.1901 	EXP 	window1: mouseVisible = True
7.1902 	EXP 	window1: recordFrameIntervals = False
7.3553 	EXP 	window1: recordFrameIntervals = True
7.5388 	EXP 	window1: recordFrameIntervals = False
18.4707 	WARNING 	Got keycode {} but that code isn't yet known
18.4707 	WARNING 	Keypress was given unknown key code (176)
18.7367 	WARNING 	Got keycode {} but that code isn't yet known
18.7367 	WARNING 	Keypress was given unknown key code (176)
18.9365 	WARNING 	Got keycode {} but that code isn't yet known
18.9365 	WARNING 	Keypress was given unknown key code (176)
20.0036 	WARNING 	Got keycode {} but that code isn't yet known
20.0038 	WARNING 	Keypress was given unknown key code (176)
20.2201 	WARNING 	Got keycode {} but that code isn't yet known
20.2201 	WARNING 	Keypress was given unknown key code (176)
20.4690 	WARNING 	Got keycode {} but that code isn't yet known
20.4690 	WARNING 	Keypress was given unknown key code (176)
22.1199 	DATA 	Keypress: lctrl
23.2196 	DATA 	KeyPress: ½
23.4186 	DATA 	Keypress: escape
23.5994 	EXP 	window1: mouseVisible = True
